0 info it worked if it ends with ok
1 verbose cli [ 'T:\\nodejs\\node.exe',
1 verbose cli   'T:\\nodejs\\node_modules\\npm\\bin\\npm-cli.js',
1 verbose cli   'start' ]
2 info using npm@3.10.8
3 info using node@v6.9.1
4 verbose run-script [ 'prestart', 'start', 'poststart' ]
5 info lifecycle workout@0.1.0~prestart: workout@0.1.0
6 silly lifecycle workout@0.1.0~prestart: no script for prestart, continuing
7 info lifecycle workout@0.1.0~start: workout@0.1.0
8 verbose lifecycle workout@0.1.0~start: unsafe-perm in lifecycle true
9 verbose lifecycle workout@0.1.0~start: PATH: T:\nodejs\node_modules\npm\bin\node-gyp-bin;C:\Users\Tim\Documents\GitHub\Workout\node_modules\.bin;C:\ProgramData\Oracle\Java\javapath;C:\Program Files (x86)\Razer Chroma SDK\bin;C:\Program Files\Razer Chroma SDK\bin;C:\Program Files (x86)\NVIDIA Corporation\PhysX\Common;C:\Program Files (x86)\AMD APP\bin\x86_64;C:\Program Files (x86)\AMD APP\bin\x86;C:\Program Files\Java\jre1.8.0_101\bin;C:\WINDOWS\system32;C:\WINDOWS;C:\WINDOWS\System32\Wbem;C:\WINDOWS\System32\WindowsPowerShell\v1.0\;C:\Program Files (x86)\Windows Live\Shared;C:\Program Files (x86)\ATI Technologies\ATI.ACE\Core-Static;C:\Program Files\FileBot\;C:\Program Files (x86)\Windows Kits\8.1\Windows Performance Toolkit\;C:\Program Files\Microsoft SQL Server\110\Tools\Binn\;C:\Program Files\Microsoft\Web Platform Installer\;T:\wamp\bin\php\php5.5.12;C:\ProgramData\ComposerSetup\bin;C:\WINDOWS\system32;C:\WINDOWS;C:\WINDOWS\System32\Wbem;C:\WINDOWS\System32\WindowsPowerShell\v1.0\;T:\nodejs\;C:\Program Files (x86)\GtkSharp\2.12\bin;T:\Skype\Phone\;C:\Users\Tim\AppData\Roaming\Composer\vendor\bin;C:\Users\Tim\AppData\Local\Microsoft\WindowsApps;C:\Users\Tim\AppData\Roaming\npm
10 verbose lifecycle workout@0.1.0~start: CWD: C:\Users\Tim\Documents\GitHub\Workout
11 silly lifecycle workout@0.1.0~start: Args: [ '/d /s /c', 'react-scripts start' ]
12 verbose stack Error: kill ENOSYS
12 verbose stack     at exports._errnoException (util.js:1026:11)
12 verbose stack     at process.kill (internal/process.js:172:13)
12 verbose stack     at process.listener (T:\nodejs\node_modules\npm\node_modules\npmlog\node_modules\gauge\node_modules\signal-exit\index.js:86:15)
12 verbose stack     at emitNone (events.js:91:20)
12 verbose stack     at process.emit (events.js:185:7)
12 verbose stack     at processEmit (T:\nodejs\node_modules\npm\node_modules\npmlog\node_modules\gauge\node_modules\signal-exit\index.js:146:32)
12 verbose stack     at processEmit (T:\nodejs\node_modules\npm\node_modules\npm-registry-client\node_modules\npmlog\node_modules\gauge\node_modules\signal-exit\index.js:146:32)
12 verbose stack     at Signal.wrap.onsignal (internal/process.js:199:44)
13 verbose cwd C:\Users\Tim\Documents\GitHub\Workout
14 error Windows_NT 10.0.14393
15 error argv "T:\\nodejs\\node.exe" "T:\\nodejs\\node_modules\\npm\\bin\\npm-cli.js" "start"
16 error node v6.9.1
17 error npm  v3.10.8
18 error code ENOSYS
19 error errno ENOSYS
20 error syscall kill
21 error kill ENOSYS
22 error If you need help, you may report this error at:
22 error     <https://github.com/npm/npm/issues>
23 verbose exit [ 1, true ]
